# JRE version: Java(TM) SE Runtime Environment (8.0_181-b13) (build 1.8.0_181-b13)
# Java VM: Java HotSpot(TM) 64-Bit Server VM (25.181-b13 mixed mode linux-amd64 compressed oops)
Heap:
 PSYoungGen      total 175104K, used 87913K [0x00000000f0000000, 0x0000000100000000, 0x0000000100000000)
  eden space 88064K, 99% used [0x00000000f0000000,0x00000000f55da4a8,0x00000000f5600000)
  from space 87040K, 0% used [0x00000000fab00000,0x00000000fab00000,0x0000000100000000)
  to   space 87040K, 0% used [0x00000000f5600000,0x00000000f5600000,0x00000000fab00000)
 ParOldGen       total 524288K, used 524168K [0x00000000d0000000, 0x00000000f0000000, 0x00000000f0000000)
  object space 524288K, 99% used [0x00000000d0000000,0x00000000effe2040,0x00000000f0000000)
 Metaspace       used 94938K, capacity 103126K, committed 103640K, reserved 1138688K
  class space    used 11894K, capacity 14434K, committed 14592K, reserved 1048576K
GC Heap History (10 events):
Event: 879,015 GC heap before
{Heap before GC invocations=288 (full 142):
 PSYoungGen      total 175104K, used 88064K [0x00000000f0000000, 0x0000000100000000, 0x0000000100000000)
  eden space 88064K, 100% used [0x00000000f0000000,0x00000000f5600000,0x00000000f5600000)
  from space 87040K, 0% used [0x00000000fab00000,0x00000000fab00000,0x0000000100000000)
  to   space 87040K, 0% used [0x00000000f5600000,0x00000000f5600000,0x00000000fab00000)
 ParOldGen       total 524288K, used 524168K [0x00000000d0000000, 0x00000000f0000000, 0x00000000f0000000)
  object space 524288K, 99% used [0x00000000d0000000,0x00000000effe2058,0x00000000f0000000)
 Metaspace       used 94971K, capacity 103180K, committed 103640K, reserved 1138688K
  class space    used 11899K, capacity 14443K, committed 14592K, reserved 1048576K
Event: 881,231 GC heap after
Heap after GC invocations=288 (full 142):
 PSYoungGen      total 175104K, used 87770K [0x00000000f0000000, 0x0000000100000000, 0x0000000100000000)
  eden space 88064K, 99% used [0x00000000f0000000,0x00000000f55b68c0,0x00000000f5600000)
  from space 87040K, 0% used [0x00000000fab00000,0x00000000fab00000,0x0000000100000000)
  to   space 87040K, 0% used [0x00000000f5600000,0x00000000f5600000,0x00000000fab00000)
 ParOldGen       total 524288K, used 524168K [0x00000000d0000000, 0x00000000f0000000, 0x00000000f0000000)
  object space 524288K, 99% used [0x00000000d0000000,0x00000000effe2040,0x00000000f0000000)
 Metaspace       used 94937K, capacity 103126K, committed 103640K, reserved 1138688K
  class space    used 11894K, capacity 14434K, committed 14592K, reserved 1048576K
}
Event: 881,260 GC heap before
{Heap before GC invocations=289 (full 143):
 PSYoungGen      total 175104K, used 88064K [0x00000000f0000000, 0x0000000100000000, 0x0000000100000000)
  eden space 88064K, 100% used [0x00000000f0000000,0x00000000f5600000,0x00000000f5600000)
  from space 87040K, 0% used [0x00000000fab00000,0x00000000fab00000,0x0000000100000000)
  to   space 87040K, 0% used [0x00000000f5600000,0x00000000f5600000,0x00000000fab00000)
 ParOldGen       total 524288K, used 524168K [0x00000000d0000000, 0x00000000f0000000, 0x00000000f0000000)
  object space 524288K, 99% used [0x00000000d0000000,0x00000000effe2040,0x00000000f0000000)
 Metaspace       used 94937K, capacity 103126K, committed 103640K, reserved 1138688K
  class space    used 11894K, capacity 14434K, committed 14592K, reserved 1048576K
Event: 883,185 GC heap after
Heap after GC invocations=289 (full 143):
 PSYoungGen      total 175104K, used 87891K [0x00000000f0000000, 0x0000000100000000, 0x0000000100000000)
  eden space 88064K, 99% used [0x00000000f0000000,0x00000000f55d4dd8,0x00000000f5600000)
  from space 87040K, 0% used [0x00000000fab00000,0x00000000fab00000,0x0000000100000000)
  to   space 87040K, 0% used [0x00000000f5600000,0x00000000f5600000,0x00000000fab00000)
 ParOldGen       total 524288K, used 524168K [0x00000000d0000000, 0x00000000f0000000, 0x00000000f0000000)
  object space 524288K, 99% used [0x00000000d0000000,0x00000000effe2040,0x00000000f0000000)
 Metaspace       used 94937K, capacity 103126K, committed 103640K, reserved 1138688K
  class space    used 11894K, capacity 14434K, committed 14592K, reserved 1048576K
}
Event: 883,192 GC heap before
{Heap before GC invocations=290 (full 144):
 PSYoungGen      total 175104K, used 88064K [0x00000000f0000000, 0x0000000100000000, 0x0000000100000000)
  eden space 88064K, 100% used [0x00000000f0000000,0x00000000f5600000,0x00000000f5600000)
  from space 87040K, 0% used [0x00000000fab00000,0x00000000fab00000,0x0000000100000000)
  to   space 87040K, 0% used [0x00000000f5600000,0x00000000f5600000,0x00000000fab00000)
 ParOldGen       total 524288K, used 524168K [0x00000000d0000000, 0x00000000f0000000, 0x00000000f0000000)
  object space 524288K, 99% used [0x00000000d0000000,0x00000000effe2040,0x00000000f0000000)
 Metaspace       used 94938K, capacity 103126K, committed 103640K, reserved 1138688K
  class space    used 11894K, capacity 14434K, committed 14592K, reserved 1048576K
Event: 885,032 GC heap after
Heap after GC invocations=290 (full 144):
 PSYoungGen      total 175104K, used 87846K [0x00000000f0000000, 0x0000000100000000, 0x0000000100000000)
  eden space 88064K, 99% used [0x00000000f0000000,0x00000000f55c9970,0x00000000f5600000)
  from space 87040K, 0% used [0x00000000fab00000,0x00000000fab00000,0x0000000100000000)
  to   space 87040K, 0% used [0x00000000f5600000,0x00000000f5600000,0x00000000fab00000)
 ParOldGen       total 524288K, used 524168K [0x00000000d0000000, 0x00000000f0000000, 0x00000000f0000000)
  object space 524288K, 99% used [0x00000000d0000000,0x00000000effe2040,0x00000000f0000000)
 Metaspace       used 94938K, capacity 103126K, committed 103640K, reserved 1138688K
  class space    used 11894K, capacity 14434K, committed 14592K, reserved 1048576K
}
Event: 885,040 GC heap before
{Heap before GC invocations=291 (full 145):
 PSYoungGen      total 175104K, used 88064K [0x00000000f0000000, 0x0000000100000000, 0x0000000100000000)
  eden space 88064K, 100% used [0x00000000f0000000,0x00000000f5600000,0x00000000f5600000)
  from space 87040K, 0% used [0x00000000fab00000,0x00000000fab00000,0x0000000100000000)
  to   space 87040K, 0% used [0x00000000f5600000,0x00000000f5600000,0x00000000fab00000)
 ParOldGen       total 524288K, used 524168K [0x00000000d0000000, 0x00000000f0000000, 0x00000000f0000000)
  object space 524288K, 99% used [0x00000000d0000000,0x00000000effe2040,0x00000000f0000000)
 Metaspace       used 94938K, capacity 103126K, committed 103640K, reserved 1138688K
  class space    used 11894K, capacity 14434K, committed 14592K, reserved 1048576K
Event: 886,923 GC heap after
Heap after GC invocations=291 (full 145):
 PSYoungGen      total 175104K, used 87839K [0x00000000f0000000, 0x0000000100000000, 0x0000000100000000)
  eden space 88064K, 99% used [0x00000000f0000000,0x00000000f55c7c80,0x00000000f5600000)
  from space 87040K, 0% used [0x00000000fab00000,0x00000000fab00000,0x0000000100000000)
  to   space 87040K, 0% used [0x00000000f5600000,0x00000000f5600000,0x00000000fab00000)
 ParOldGen       total 524288K, used 524168K [0x00000000d0000000, 0x00000000f0000000, 0x00000000f0000000)
  object space 524288K, 99% used [0x00000000d0000000,0x00000000effe2040,0x00000000f0000000)
 Metaspace       used 94938K, capacity 103126K, committed 103640K, reserved 1138688K
  class space    used 11894K, capacity 14434K, committed 14592K, reserved 1048576K
}
Event: 886,955 GC heap before
{Heap before GC invocations=292 (full 146):
 PSYoungGen      total 175104K, used 88064K [0x00000000f0000000, 0x0000000100000000, 0x0000000100000000)
  eden space 88064K, 100% used [0x00000000f0000000,0x00000000f5600000,0x00000000f5600000)
  from space 87040K, 0% used [0x00000000fab00000,0x00000000fab00000,0x0000000100000000)
  to   space 87040K, 0% used [0x00000000f5600000,0x00000000f5600000,0x00000000fab00000)
 ParOldGen       total 524288K, used 524168K [0x00000000d0000000, 0x00000000f0000000, 0x00000000f0000000)
  object space 524288K, 99% used [0x00000000d0000000,0x00000000effe2040,0x00000000f0000000)
 Metaspace       used 94938K, capacity 103126K, committed 103640K, reserved 1138688K
  class space    used 11894K, capacity 14434K, committed 14592K, reserved 1048576K
Event: 888,926 GC heap after
Heap after GC invocations=292 (full 146):
 PSYoungGen      total 175104K, used 87845K [0x00000000f0000000, 0x0000000100000000, 0x0000000100000000)
  eden space 88064K, 99% used [0x00000000f0000000,0x00000000f55c9770,0x00000000f5600000)
  from space 87040K, 0% used [0x00000000fab00000,0x00000000fab00000,0x0000000100000000)
  to   space 87040K, 0% used [0x00000000f5600000,0x00000000f5600000,0x00000000fab00000)
 ParOldGen       total 524288K, used 524168K [0x00000000d0000000, 0x00000000f0000000, 0x00000000f0000000)
  object space 524288K, 99% used [0x00000000d0000000,0x00000000effe2040,0x00000000f0000000)
 Metaspace       used 94938K, capacity 103126K, committed 103640K, reserved 1138688K
  class space    used 11894K, capacity 14434K, committed 14592K, reserved 1048576K
}

