# JRE version: OpenJDK Runtime Environment (8.0_181-b13) (build 1.8.0_181-8u181-b13-0ubuntu0.16.04.1-b13)
# Java VM: OpenJDK 64-Bit Server VM (25.181-b13 mixed mode linux-amd64 compressed oops)
Heap:
 PSYoungGen      total 98304K, used 83951K [0x00000000f0000000, 0x00000000f7500000, 0x0000000100000000)
  eden space 85504K, 98% used [0x00000000f0000000,0x00000000f51fbf58,0x00000000f5380000)
  from space 12800K, 0% used [0x00000000f6300000,0x00000000f6300000,0x00000000f6f80000)
  to   space 15872K, 0% used [0x00000000f5380000,0x00000000f5380000,0x00000000f6300000)
 ParOldGen       total 524288K, used 523986K [0x00000000d0000000, 0x00000000f0000000, 0x00000000f0000000)
  object space 524288K, 99% used [0x00000000d0000000,0x00000000effb4b18,0x00000000f0000000)
 Metaspace       used 141127K, capacity 151860K, committed 153176K, reserved 1181696K
  class space    used 16756K, capacity 19873K, committed 20056K, reserved 1048576K
GC Heap History (10 events):
Event: 874377,047 GC heap before
{Heap before GC invocations=3448 (full 1195):
 PSYoungGen      total 98304K, used 85504K [0x00000000f0000000, 0x00000000f7500000, 0x0000000100000000)
  eden space 85504K, 100% used [0x00000000f0000000,0x00000000f5380000,0x00000000f5380000)
  from space 12800K, 0% used [0x00000000f6300000,0x00000000f6300000,0x00000000f6f80000)
  to   space 15872K, 0% used [0x00000000f5380000,0x00000000f5380000,0x00000000f6300000)
 ParOldGen       total 524288K, used 523986K [0x00000000d0000000, 0x00000000f0000000, 0x00000000f0000000)
  object space 524288K, 99% used [0x00000000d0000000,0x00000000effb4b18,0x00000000f0000000)
 Metaspace       used 141127K, capacity 151860K, committed 153176K, reserved 1181696K
  class space    used 16756K, capacity 19873K, committed 20056K, reserved 1048576K
Event: 874377,448 GC heap after
Heap after GC invocations=3448 (full 1195):
 PSYoungGen      total 98304K, used 4089K [0x00000000f0000000, 0x00000000f7500000, 0x0000000100000000)
  eden space 85504K, 4% used [0x00000000f0000000,0x00000000f03fe4b0,0x00000000f5380000)
  from space 12800K, 0% used [0x00000000f6300000,0x00000000f6300000,0x00000000f6f80000)
  to   space 15872K, 0% used [0x00000000f5380000,0x00000000f5380000,0x00000000f6300000)
 ParOldGen       total 524288K, used 523986K [0x00000000d0000000, 0x00000000f0000000, 0x00000000f0000000)
  object space 524288K, 99% used [0x00000000d0000000,0x00000000effb4b18,0x00000000f0000000)
 Metaspace       used 141127K, capacity 151860K, committed 153176K, reserved 1181696K
  class space    used 16756K, capacity 19873K, committed 20056K, reserved 1048576K
}
Event: 874379,700 GC heap before
{Heap before GC invocations=3449 (full 1196):
 PSYoungGen      total 98304K, used 85504K [0x00000000f0000000, 0x00000000f7500000, 0x0000000100000000)
  eden space 85504K, 100% used [0x00000000f0000000,0x00000000f5380000,0x00000000f5380000)
  from space 12800K, 0% used [0x00000000f6300000,0x00000000f6300000,0x00000000f6f80000)
  to   space 15872K, 0% used [0x00000000f5380000,0x00000000f5380000,0x00000000f6300000)
 ParOldGen       total 524288K, used 523986K [0x00000000d0000000, 0x00000000f0000000, 0x00000000f0000000)
  object space 524288K, 99% used [0x00000000d0000000,0x00000000effb4b18,0x00000000f0000000)
 Metaspace       used 141127K, capacity 151860K, committed 153176K, reserved 1181696K
  class space    used 16756K, capacity 19873K, committed 20056K, reserved 1048576K
Event: 874380,040 GC heap after
Heap after GC invocations=3449 (full 1196):
 PSYoungGen      total 98304K, used 3998K [0x00000000f0000000, 0x00000000f7500000, 0x0000000100000000)
  eden space 85504K, 4% used [0x00000000f0000000,0x00000000f03e7990,0x00000000f5380000)
  from space 12800K, 0% used [0x00000000f6300000,0x00000000f6300000,0x00000000f6f80000)
  to   space 15872K, 0% used [0x00000000f5380000,0x00000000f5380000,0x00000000f6300000)
 ParOldGen       total 524288K, used 523986K [0x00000000d0000000, 0x00000000f0000000, 0x00000000f0000000)
  object space 524288K, 99% used [0x00000000d0000000,0x00000000effb4b18,0x00000000f0000000)
 Metaspace       used 141127K, capacity 151860K, committed 153176K, reserved 1181696K
  class space    used 16756K, capacity 19873K, committed 20056K, reserved 1048576K
}
Event: 874382,027 GC heap before
{Heap before GC invocations=3450 (full 1197):
 PSYoungGen      total 98304K, used 85504K [0x00000000f0000000, 0x00000000f7500000, 0x0000000100000000)
  eden space 85504K, 100% used [0x00000000f0000000,0x00000000f5380000,0x00000000f5380000)
  from space 12800K, 0% used [0x00000000f6300000,0x00000000f6300000,0x00000000f6f80000)
  to   space 15872K, 0% used [0x00000000f5380000,0x00000000f5380000,0x00000000f6300000)
 ParOldGen       total 524288K, used 523986K [0x00000000d0000000, 0x00000000f0000000, 0x00000000f0000000)
  object space 524288K, 99% used [0x00000000d0000000,0x00000000effb4b18,0x00000000f0000000)
 Metaspace       used 141127K, capacity 151860K, committed 153176K, reserved 1181696K
  class space    used 16756K, capacity 19873K, committed 20056K, reserved 1048576K
Event: 874382,426 GC heap after
Heap after GC invocations=3450 (full 1197):
 PSYoungGen      total 98304K, used 4023K [0x00000000f0000000, 0x00000000f7500000, 0x0000000100000000)
  eden space 85504K, 4% used [0x00000000f0000000,0x00000000f03edd20,0x00000000f5380000)
  from space 12800K, 0% used [0x00000000f6300000,0x00000000f6300000,0x00000000f6f80000)
  to   space 15872K, 0% used [0x00000000f5380000,0x00000000f5380000,0x00000000f6300000)
 ParOldGen       total 524288K, used 523986K [0x00000000d0000000, 0x00000000f0000000, 0x00000000f0000000)
  object space 524288K, 99% used [0x00000000d0000000,0x00000000effb4b18,0x00000000f0000000)
 Metaspace       used 141127K, capacity 151860K, committed 153176K, reserved 1181696K
  class space    used 16756K, capacity 19873K, committed 20056K, reserved 1048576K
}
Event: 874384,698 GC heap before
{Heap before GC invocations=3451 (full 1198):
 PSYoungGen      total 98304K, used 85504K [0x00000000f0000000, 0x00000000f7500000, 0x0000000100000000)
  eden space 85504K, 100% used [0x00000000f0000000,0x00000000f5380000,0x00000000f5380000)
  from space 12800K, 0% used [0x00000000f6300000,0x00000000f6300000,0x00000000f6f80000)
  to   space 15872K, 0% used [0x00000000f5380000,0x00000000f5380000,0x00000000f6300000)
 ParOldGen       total 524288K, used 523986K [0x00000000d0000000, 0x00000000f0000000, 0x00000000f0000000)
  object space 524288K, 99% used [0x00000000d0000000,0x00000000effb4b18,0x00000000f0000000)
 Metaspace       used 141127K, capacity 151860K, committed 153176K, reserved 1181696K
  class space    used 16756K, capacity 19873K, committed 20056K, reserved 1048576K
Event: 874385,115 GC heap after
Heap after GC invocations=3451 (full 1198):
 PSYoungGen      total 98304K, used 4040K [0x00000000f0000000, 0x00000000f7500000, 0x0000000100000000)
  eden space 85504K, 4% used [0x00000000f0000000,0x00000000f03f2148,0x00000000f5380000)
  from space 12800K, 0% used [0x00000000f6300000,0x00000000f6300000,0x00000000f6f80000)
  to   space 15872K, 0% used [0x00000000f5380000,0x00000000f5380000,0x00000000f6300000)
 ParOldGen       total 524288K, used 523986K [0x00000000d0000000, 0x00000000f0000000, 0x00000000f0000000)
  object space 524288K, 99% used [0x00000000d0000000,0x00000000effb4b18,0x00000000f0000000)
 Metaspace       used 141127K, capacity 151860K, committed 153176K, reserved 1181696K
  class space    used 16756K, capacity 19873K, committed 20056K, reserved 1048576K
}
Event: 874387,029 GC heap before
{Heap before GC invocations=3452 (full 1199):
 PSYoungGen      total 98304K, used 85504K [0x00000000f0000000, 0x00000000f7500000, 0x0000000100000000)
  eden space 85504K, 100% used [0x00000000f0000000,0x00000000f5380000,0x00000000f5380000)
  from space 12800K, 0% used [0x00000000f6300000,0x00000000f6300000,0x00000000f6f80000)
  to   space 15872K, 0% used [0x00000000f5380000,0x00000000f5380000,0x00000000f6300000)
 ParOldGen       total 524288K, used 523986K [0x00000000d0000000, 0x00000000f0000000, 0x00000000f0000000)
  object space 524288K, 99% used [0x00000000d0000000,0x00000000effb4b18,0x00000000f0000000)
 Metaspace       used 141127K, capacity 151860K, committed 153176K, reserved 1181696K
  class space    used 16756K, capacity 19873K, committed 20056K, reserved 1048576K
Event: 874387,433 GC heap after
Heap after GC invocations=3452 (full 1199):
 PSYoungGen      total 98304K, used 4105K [0x00000000f0000000, 0x00000000f7500000, 0x0000000100000000)
  eden space 85504K, 4% used [0x00000000f0000000,0x00000000f0402568,0x00000000f5380000)
  from space 12800K, 0% used [0x00000000f6300000,0x00000000f6300000,0x00000000f6f80000)
  to   space 15872K, 0% used [0x00000000f5380000,0x00000000f5380000,0x00000000f6300000)
 ParOldGen       total 524288K, used 523986K [0x00000000d0000000, 0x00000000f0000000, 0x00000000f0000000)
  object space 524288K, 99% used [0x00000000d0000000,0x00000000effb4b18,0x00000000f0000000)
 Metaspace       used 141127K, capacity 151860K, committed 153176K, reserved 1181696K
  class space    used 16756K, capacity 19873K, committed 20056K, reserved 1048576K
}

