# JRE version: OpenJDK Runtime Environment (8.0_181-b13) (build 1.8.0_181-8u181-b13-0ubuntu0.16.04.1-b13)
# Java VM: OpenJDK 64-Bit Server VM (25.181-b13 mixed mode linux-amd64 compressed oops)
Heap:
 PSYoungGen      total 73728K, used 33778K [0x00000000f0000000, 0x00000000f6000000, 0x0000000100000000)
  eden space 68608K, 41% used [0x00000000f0000000,0x00000000f1c0b8a0,0x00000000f4300000)
  from space 5120K, 98% used [0x00000000f4480000,0x00000000f4971000,0x00000000f4980000)
  to   space 14848K, 0% used [0x00000000f5180000,0x00000000f5180000,0x00000000f6000000)
 ParOldGen       total 145920K, used 110348K [0x00000000d0000000, 0x00000000d8e80000, 0x00000000f0000000)
  object space 145920K, 75% used [0x00000000d0000000,0x00000000d6bc3278,0x00000000d8e80000)
 Metaspace       used 114238K, capacity 123656K, committed 123904K, reserved 1157120K
  class space    used 14286K, capacity 17086K, committed 17152K, reserved 1048576K
GC Heap History (10 events):
Event: 64806,749 GC heap before
{Heap before GC invocations=80 (full 20):
 PSYoungGen      total 73728K, used 5700K [0x00000000f0000000, 0x00000000f6b80000, 0x0000000100000000)
  eden space 73216K, 7% used [0x00000000f0000000,0x00000000f05911f8,0x00000000f4780000)
  from space 512K, 0% used [0x00000000f4780000,0x00000000f4780000,0x00000000f4800000)
  to   space 18432K, 0% used [0x00000000f5980000,0x00000000f5980000,0x00000000f6b80000)
 ParOldGen       total 145920K, used 110346K [0x00000000d0000000, 0x00000000d8e80000, 0x00000000f0000000)
  object space 145920K, 75% used [0x00000000d0000000,0x00000000d6bc2b80,0x00000000d8e80000)
 Metaspace       used 114127K, capacity 123528K, committed 123648K, reserved 1155072K
  class space    used 14286K, capacity 17086K, committed 17152K, reserved 1048576K
Event: 64806,754 GC heap after
Heap after GC invocations=80 (full 20):
 PSYoungGen      total 89600K, used 128K [0x00000000f0000000, 0x00000000f6980000, 0x0000000100000000)
  eden space 73216K, 0% used [0x00000000f0000000,0x00000000f0000000,0x00000000f4780000)
  from space 16384K, 0% used [0x00000000f5980000,0x00000000f59a0000,0x00000000f6980000)
  to   space 17408K, 0% used [0x00000000f4780000,0x00000000f4780000,0x00000000f5880000)
 ParOldGen       total 145920K, used 110346K [0x00000000d0000000, 0x00000000d8e80000, 0x00000000f0000000)
  object space 145920K, 75% used [0x00000000d0000000,0x00000000d6bc2b80,0x00000000d8e80000)
 Metaspace       used 114127K, capacity 123528K, committed 123648K, reserved 1155072K
  class space    used 14286K, capacity 17086K, committed 17152K, reserved 1048576K
}
Event: 64806,754 GC heap before
{Heap before GC invocations=81 (full 21):
 PSYoungGen      total 89600K, used 128K [0x00000000f0000000, 0x00000000f6980000, 0x0000000100000000)
  eden space 73216K, 0% used [0x00000000f0000000,0x00000000f0000000,0x00000000f4780000)
  from space 16384K, 0% used [0x00000000f5980000,0x00000000f59a0000,0x00000000f6980000)
  to   space 17408K, 0% used [0x00000000f4780000,0x00000000f4780000,0x00000000f5880000)
 ParOldGen       total 145920K, used 110346K [0x00000000d0000000, 0x00000000d8e80000, 0x00000000f0000000)
  object space 145920K, 75% used [0x00000000d0000000,0x00000000d6bc2b80,0x00000000d8e80000)
 Metaspace       used 114127K, capacity 123528K, committed 123648K, reserved 1155072K
  class space    used 14286K, capacity 17086K, committed 17152K, reserved 1048576K
Event: 64806,925 GC heap after
Heap after GC invocations=81 (full 21):
 PSYoungGen      total 89600K, used 0K [0x00000000f0000000, 0x00000000f6980000, 0x0000000100000000)
  eden space 73216K, 0% used [0x00000000f0000000,0x00000000f0000000,0x00000000f4780000)
  from space 16384K, 0% used [0x00000000f5980000,0x00000000f5980000,0x00000000f6980000)
  to   space 17408K, 0% used [0x00000000f4780000,0x00000000f4780000,0x00000000f5880000)
 ParOldGen       total 145920K, used 110348K [0x00000000d0000000, 0x00000000d8e80000, 0x00000000f0000000)
  object space 145920K, 75% used [0x00000000d0000000,0x00000000d6bc3278,0x00000000d8e80000)
 Metaspace       used 114127K, capacity 123528K, committed 123648K, reserved 1155072K
  class space    used 14286K, capacity 17086K, committed 17152K, reserved 1048576K
}
Event: 66183,342 GC heap before
{Heap before GC invocations=82 (full 21):
 PSYoungGen      total 89600K, used 73216K [0x00000000f0000000, 0x00000000f6980000, 0x0000000100000000)
  eden space 73216K, 100% used [0x00000000f0000000,0x00000000f4780000,0x00000000f4780000)
  from space 16384K, 0% used [0x00000000f5980000,0x00000000f5980000,0x00000000f6980000)
  to   space 17408K, 0% used [0x00000000f4780000,0x00000000f4780000,0x00000000f5880000)
 ParOldGen       total 145920K, used 110348K [0x00000000d0000000, 0x00000000d8e80000, 0x00000000f0000000)
  object space 145920K, 75% used [0x00000000d0000000,0x00000000d6bc3278,0x00000000d8e80000)
 Metaspace       used 114189K, capacity 123656K, committed 123904K, reserved 1157120K
  class space    used 14286K, capacity 17086K, committed 17152K, reserved 1048576K
Event: 66183,348 GC heap after
Heap after GC invocations=82 (full 21):
 PSYoungGen      total 73216K, used 1218K [0x00000000f0000000, 0x00000000f6600000, 0x0000000100000000)
  eden space 71680K, 0% used [0x00000000f0000000,0x00000000f0000000,0x00000000f4600000)
  from space 1536K, 79% used [0x00000000f4780000,0x00000000f48b0828,0x00000000f4900000)
  to   space 16384K, 0% used [0x00000000f5600000,0x00000000f5600000,0x00000000f6600000)
 ParOldGen       total 145920K, used 110348K [0x00000000d0000000, 0x00000000d8e80000, 0x00000000f0000000)
  object space 145920K, 75% used [0x00000000d0000000,0x00000000d6bc3278,0x00000000d8e80000)
 Metaspace       used 114189K, capacity 123656K, committed 123904K, reserved 1157120K
  class space    used 14286K, capacity 17086K, committed 17152K, reserved 1048576K
}
Event: 66184,706 GC heap before
{Heap before GC invocations=83 (full 21):
 PSYoungGen      total 73216K, used 72898K [0x00000000f0000000, 0x00000000f6600000, 0x0000000100000000)
  eden space 71680K, 100% used [0x00000000f0000000,0x00000000f4600000,0x00000000f4600000)
  from space 1536K, 79% used [0x00000000f4780000,0x00000000f48b0828,0x00000000f4900000)
  to   space 16384K, 0% used [0x00000000f5600000,0x00000000f5600000,0x00000000f6600000)
 ParOldGen       total 145920K, used 110348K [0x00000000d0000000, 0x00000000d8e80000, 0x00000000f0000000)
  object space 145920K, 75% used [0x00000000d0000000,0x00000000d6bc3278,0x00000000d8e80000)
 Metaspace       used 114217K, capacity 123656K, committed 123904K, reserved 1157120K
  class space    used 14286K, capacity 17086K, committed 17152K, reserved 1048576K
Event: 66184,717 GC heap after
Heap after GC invocations=83 (full 21):
 PSYoungGen      total 82944K, used 4014K [0x00000000f0000000, 0x00000000f6280000, 0x0000000100000000)
  eden space 70144K, 0% used [0x00000000f0000000,0x00000000f0000000,0x00000000f4480000)
  from space 12800K, 31% used [0x00000000f5600000,0x00000000f59eb838,0x00000000f6280000)
  to   space 15360K, 0% used [0x00000000f4480000,0x00000000f4480000,0x00000000f5380000)
 ParOldGen       total 145920K, used 110348K [0x00000000d0000000, 0x00000000d8e80000, 0x00000000f0000000)
  object space 145920K, 75% used [0x00000000d0000000,0x00000000d6bc3278,0x00000000d8e80000)
 Metaspace       used 114217K, capacity 123656K, committed 123904K, reserved 1157120K
  class space    used 14286K, capacity 17086K, committed 17152K, reserved 1048576K
}
Event: 66222,483 GC heap before
{Heap before GC invocations=84 (full 21):
 PSYoungGen      total 82944K, used 74158K [0x00000000f0000000, 0x00000000f6280000, 0x0000000100000000)
  eden space 70144K, 100% used [0x00000000f0000000,0x00000000f4480000,0x00000000f4480000)
  from space 12800K, 31% used [0x00000000f5600000,0x00000000f59eb838,0x00000000f6280000)
  to   space 15360K, 0% used [0x00000000f4480000,0x00000000f4480000,0x00000000f5380000)
 ParOldGen       total 145920K, used 110348K [0x00000000d0000000, 0x00000000d8e80000, 0x00000000f0000000)
  object space 145920K, 75% used [0x00000000d0000000,0x00000000d6bc3278,0x00000000d8e80000)
 Metaspace       used 114228K, capacity 123656K, committed 123904K, reserved 1157120K
  class space    used 14286K, capacity 17086K, committed 17152K, reserved 1048576K
Event: 66222,489 GC heap after
Heap after GC invocations=84 (full 21):
 PSYoungGen      total 73728K, used 5060K [0x00000000f0000000, 0x00000000f6000000, 0x0000000100000000)
  eden space 68608K, 0% used [0x00000000f0000000,0x00000000f0000000,0x00000000f4300000)
  from space 5120K, 98% used [0x00000000f4480000,0x00000000f4971000,0x00000000f4980000)
  to   space 14848K, 0% used [0x00000000f5180000,0x00000000f5180000,0x00000000f6000000)
 ParOldGen       total 145920K, used 110348K [0x00000000d0000000, 0x00000000d8e80000, 0x00000000f0000000)
  object space 145920K, 75% used [0x00000000d0000000,0x00000000d6bc3278,0x00000000d8e80000)
 Metaspace       used 114228K, capacity 123656K, committed 123904K, reserved 1157120K
  class space    used 14286K, capacity 17086K, committed 17152K, reserved 1048576K
}

