# JRE version: OpenJDK Runtime Environment (8.0_181-b13) (build 1.8.0_181-8u181-b13-0ubuntu0.16.04.1-b13)
# Java VM: OpenJDK 64-Bit Server VM (25.181-b13 mixed mode linux-amd64 compressed oops)
Heap:
 PSYoungGen      total 185344K, used 48356K [0x00000000f0000000, 0x00000000fc300000, 0x0000000100000000)
  eden space 171008K, 27% used [0x00000000f0000000,0x00000000f2e4d360,0x00000000fa700000)
  from space 14336K, 6% used [0x00000000fb500000,0x00000000fb5ec010,0x00000000fc300000)
  to   space 14336K, 0% used [0x00000000fa700000,0x00000000fa700000,0x00000000fb500000)
 ParOldGen       total 206336K, used 136203K [0x00000000d0000000, 0x00000000dc980000, 0x00000000f0000000)
  object space 206336K, 66% used [0x00000000d0000000,0x00000000d8502eb8,0x00000000dc980000)
 Metaspace       used 96829K, capacity 105108K, committed 105344K, reserved 1140736K
  class space    used 11929K, capacity 14369K, committed 14464K, reserved 1048576K
GC Heap History (10 events):
Event: 177068,137 GC heap before
{Heap before GC invocations=208 (full 52):
 PSYoungGen      total 185344K, used 8888K [0x00000000f0000000, 0x00000000fc480000, 0x0000000100000000)
  eden space 169472K, 5% used [0x00000000f0000000,0x00000000f08ae180,0x00000000fa580000)
  from space 15872K, 0% used [0x00000000fa580000,0x00000000fa580000,0x00000000fb500000)
  to   space 15360K, 0% used [0x00000000fb580000,0x00000000fb580000,0x00000000fc480000)
 ParOldGen       total 206336K, used 136202K [0x00000000d0000000, 0x00000000dc980000, 0x00000000f0000000)
  object space 206336K, 66% used [0x00000000d0000000,0x00000000d8502bc8,0x00000000dc980000)
 Metaspace       used 96775K, capacity 105020K, committed 105344K, reserved 1140736K
  class space    used 11927K, capacity 14365K, committed 14464K, reserved 1048576K
Event: 177068,143 GC heap after
Heap after GC invocations=208 (full 52):
 PSYoungGen      total 185856K, used 128K [0x00000000f0000000, 0x00000000fc480000, 0x0000000100000000)
  eden space 170496K, 0% used [0x00000000f0000000,0x00000000f0000000,0x00000000fa680000)
  from space 15360K, 0% used [0x00000000fb580000,0x00000000fb5a0000,0x00000000fc480000)
  to   space 15360K, 0% used [0x00000000fa680000,0x00000000fa680000,0x00000000fb580000)
 ParOldGen       total 206336K, used 136202K [0x00000000d0000000, 0x00000000dc980000, 0x00000000f0000000)
  object space 206336K, 66% used [0x00000000d0000000,0x00000000d8502bc8,0x00000000dc980000)
 Metaspace       used 96775K, capacity 105020K, committed 105344K, reserved 1140736K
  class space    used 11927K, capacity 14365K, committed 14464K, reserved 1048576K
}
Event: 177068,143 GC heap before
{Heap before GC invocations=209 (full 53):
 PSYoungGen      total 185856K, used 128K [0x00000000f0000000, 0x00000000fc480000, 0x0000000100000000)
  eden space 170496K, 0% used [0x00000000f0000000,0x00000000f0000000,0x00000000fa680000)
  from space 15360K, 0% used [0x00000000fb580000,0x00000000fb5a0000,0x00000000fc480000)
  to   space 15360K, 0% used [0x00000000fa680000,0x00000000fa680000,0x00000000fb580000)
 ParOldGen       total 206336K, used 136202K [0x00000000d0000000, 0x00000000dc980000, 0x00000000f0000000)
  object space 206336K, 66% used [0x00000000d0000000,0x00000000d8502bc8,0x00000000dc980000)
 Metaspace       used 96775K, capacity 105020K, committed 105344K, reserved 1140736K
  class space    used 11927K, capacity 14365K, committed 14464K, reserved 1048576K
Event: 177068,322 GC heap after
Heap after GC invocations=209 (full 53):
 PSYoungGen      total 185856K, used 0K [0x00000000f0000000, 0x00000000fc480000, 0x0000000100000000)
  eden space 170496K, 0% used [0x00000000f0000000,0x00000000f0000000,0x00000000fa680000)
  from space 15360K, 0% used [0x00000000fb580000,0x00000000fb580000,0x00000000fc480000)
  to   space 15360K, 0% used [0x00000000fa680000,0x00000000fa680000,0x00000000fb580000)
 ParOldGen       total 206336K, used 136206K [0x00000000d0000000, 0x00000000dc980000, 0x00000000f0000000)
  object space 206336K, 66% used [0x00000000d0000000,0x00000000d85039f8,0x00000000dc980000)
 Metaspace       used 96775K, capacity 105020K, committed 105344K, reserved 1140736K
  class space    used 11927K, capacity 14365K, committed 14464K, reserved 1048576K
}
Event: 180668,323 GC heap before
{Heap before GC invocations=210 (full 53):
 PSYoungGen      total 185856K, used 8065K [0x00000000f0000000, 0x00000000fc480000, 0x0000000100000000)
  eden space 170496K, 4% used [0x00000000f0000000,0x00000000f07e05d0,0x00000000fa680000)
  from space 15360K, 0% used [0x00000000fb580000,0x00000000fb580000,0x00000000fc480000)
  to   space 15360K, 0% used [0x00000000fa680000,0x00000000fa680000,0x00000000fb580000)
 ParOldGen       total 206336K, used 136206K [0x00000000d0000000, 0x00000000dc980000, 0x00000000f0000000)
  object space 206336K, 66% used [0x00000000d0000000,0x00000000d85039f8,0x00000000dc980000)
 Metaspace       used 96775K, capacity 105020K, committed 105344K, reserved 1140736K
  class space    used 11927K, capacity 14365K, committed 14464K, reserved 1048576K
Event: 180668,329 GC heap after
Heap after GC invocations=210 (full 53):
 PSYoungGen      total 171008K, used 64K [0x00000000f0000000, 0x00000000fc380000, 0x0000000100000000)
  eden space 170496K, 0% used [0x00000000f0000000,0x00000000f0000000,0x00000000fa680000)
  from space 512K, 12% used [0x00000000fa680000,0x00000000fa690000,0x00000000fa700000)
  to   space 14848K, 0% used [0x00000000fb500000,0x00000000fb500000,0x00000000fc380000)
 ParOldGen       total 206336K, used 136206K [0x00000000d0000000, 0x00000000dc980000, 0x00000000f0000000)
  object space 206336K, 66% used [0x00000000d0000000,0x00000000d85039f8,0x00000000dc980000)
 Metaspace       used 96775K, capacity 105020K, committed 105344K, reserved 1140736K
  class space    used 11927K, capacity 14365K, committed 14464K, reserved 1048576K
}
Event: 180668,329 GC heap before
{Heap before GC invocations=211 (full 54):
 PSYoungGen      total 171008K, used 64K [0x00000000f0000000, 0x00000000fc380000, 0x0000000100000000)
  eden space 170496K, 0% used [0x00000000f0000000,0x00000000f0000000,0x00000000fa680000)
  from space 512K, 12% used [0x00000000fa680000,0x00000000fa690000,0x00000000fa700000)
  to   space 14848K, 0% used [0x00000000fb500000,0x00000000fb500000,0x00000000fc380000)
 ParOldGen       total 206336K, used 136206K [0x00000000d0000000, 0x00000000dc980000, 0x00000000f0000000)
  object space 206336K, 66% used [0x00000000d0000000,0x00000000d85039f8,0x00000000dc980000)
 Metaspace       used 96775K, capacity 105020K, committed 105344K, reserved 1140736K
  class space    used 11927K, capacity 14365K, committed 14464K, reserved 1048576K
Event: 180668,445 GC heap after
Heap after GC invocations=211 (full 54):
 PSYoungGen      total 171008K, used 0K [0x00000000f0000000, 0x00000000fc380000, 0x0000000100000000)
  eden space 170496K, 0% used [0x00000000f0000000,0x00000000f0000000,0x00000000fa680000)
  from space 512K, 0% used [0x00000000fa680000,0x00000000fa680000,0x00000000fa700000)
  to   space 14848K, 0% used [0x00000000fb500000,0x00000000fb500000,0x00000000fc380000)
 ParOldGen       total 206336K, used 136203K [0x00000000d0000000, 0x00000000dc980000, 0x00000000f0000000)
  object space 206336K, 66% used [0x00000000d0000000,0x00000000d8502eb8,0x00000000dc980000)
 Metaspace       used 96775K, capacity 105020K, committed 105344K, reserved 1140736K
  class space    used 11927K, capacity 14365K, committed 14464K, reserved 1048576K
}
Event: 183846,602 GC heap before
{Heap before GC invocations=212 (full 54):
 PSYoungGen      total 171008K, used 170496K [0x00000000f0000000, 0x00000000fc380000, 0x0000000100000000)
  eden space 170496K, 100% used [0x00000000f0000000,0x00000000fa680000,0x00000000fa680000)
  from space 512K, 0% used [0x00000000fa680000,0x00000000fa680000,0x00000000fa700000)
  to   space 14848K, 0% used [0x00000000fb500000,0x00000000fb500000,0x00000000fc380000)
 ParOldGen       total 206336K, used 136203K [0x00000000d0000000, 0x00000000dc980000, 0x00000000f0000000)
  object space 206336K, 66% used [0x00000000d0000000,0x00000000d8502eb8,0x00000000dc980000)
 Metaspace       used 96827K, capacity 105108K, committed 105344K, reserved 1140736K
  class space    used 11929K, capacity 14369K, committed 14464K, reserved 1048576K
Event: 183846,609 GC heap after
Heap after GC invocations=212 (full 54):
 PSYoungGen      total 185344K, used 944K [0x00000000f0000000, 0x00000000fc300000, 0x0000000100000000)
  eden space 171008K, 0% used [0x00000000f0000000,0x00000000f0000000,0x00000000fa700000)
  from space 14336K, 6% used [0x00000000fb500000,0x00000000fb5ec010,0x00000000fc300000)
  to   space 14336K, 0% used [0x00000000fa700000,0x00000000fa700000,0x00000000fb500000)
 ParOldGen       total 206336K, used 136203K [0x00000000d0000000, 0x00000000dc980000, 0x00000000f0000000)
  object space 206336K, 66% used [0x00000000d0000000,0x00000000d8502eb8,0x00000000dc980000)
 Metaspace       used 96827K, capacity 105108K, committed 105344K, reserved 1140736K
  class space    used 11929K, capacity 14369K, committed 14464K, reserved 1048576K
}

